<?xml version="1.0" encoding="UTF-8"?>
<!-- Generated by org.testng.reporters.JUnitReportReporter -->
<testsuite skipped="0" hostname="LAPTOP-SH2FB44L" name="org.testNggg.LoginInfo" tests="1" failures="0" timestamp="26 Dec 2024 10:16:34 GMT" time="11.236" errors="0">
  <testcase name="login" time="11.236" classname="org.testNggg.LoginInfo"/>
</testsuite> <!-- org.testNggg.LoginInfo -->
