<?xml version="1.0" encoding="UTF-8"?>
<!-- Generated by org.testng.reporters.JUnitReportReporter -->
<testsuite skipped="0" hostname="LAPTOP-SH2FB44L" name="org.testNggg.Registration" tests="1" failures="0" timestamp="23 Dec 2024 05:30:13 GMT" time="10.915" errors="0">
  <testcase name="register" time="10.915" classname="org.testNggg.Registration"/>
</testsuite> <!-- org.testNggg.Registration -->
