<?xml version="1.0" encoding="UTF-8"?>
<!-- Generated by org.testng.reporters.JUnitReportReporter -->
<testsuite skipped="0" hostname="LAPTOP-SH2FB44L" name="org.testNggg.Sample" tests="1" failures="0" timestamp="27 Dec 2024 06:20:45 GMT" time="0.057" errors="0">
  <testcase name="test" time="0.057" classname="org.testNggg.Sample"/>
</testsuite> <!-- org.testNggg.Sample -->
