<?xml version="1.0" encoding="UTF-8"?>
<!-- Generated by org.testng.reporters.JUnitReportReporter -->
<testsuite skipped="0" hostname="LAPTOP-SH2FB44L" name="org.testNggg.LoginWithPropertyFile" tests="1" failures="0" timestamp="27 Dec 2024 06:21:59 GMT" time="8.173" errors="0">
  <testcase name="login" time="8.173" classname="org.testNggg.LoginWithPropertyFile"/>
</testsuite> <!-- org.testNggg.LoginWithPropertyFile -->
